<?xml version="1.0" encoding="UTF-8"?>
<!-- Generated by org.testng.reporters.JUnitReportReporter -->
<testsuite hostname="LAPTOP-0J1HRNM3" failures="0" tests="1" name="testDock.firefoxTest1" time="22.160" errors="0" timestamp="2023-08-19T18:07:47 CDT" skipped="0">
  <testcase classname="testDock.firefoxTest1" name="test4" time="22.160"/>
</testsuite> <!-- testDock.firefoxTest1 -->
