<?xml version="1.0" encoding="UTF-8"?>
<!-- Generated by org.testng.reporters.JUnitReportReporter -->
<testsuite hostname="LAPTOP-0J1HRNM3" failures="0" tests="1" name="testDock.chromeTest3" time="21.999" errors="0" timestamp="2023-08-18T18:44:00 CDT" skipped="0">
  <testcase classname="testDock.chromeTest3" name="test3" time="21.999"/>
</testsuite> <!-- testDock.chromeTest3 -->
