<?xml version="1.0" encoding="UTF-8"?>
<!-- Generated by org.testng.reporters.JUnitReportReporter -->
<testsuite hostname="LAPTOP-0J1HRNM3" failures="0" tests="1" name="testDock.chromeTest2" time="10.358" errors="0" timestamp="2023-08-19T18:07:47 CDT" skipped="0">
  <testcase classname="testDock.chromeTest2" name="test2" time="10.358"/>
</testsuite> <!-- testDock.chromeTest2 -->
