<?xml version="1.0" encoding="UTF-8"?>
<!-- Generated by org.testng.reporters.JUnitReportReporter -->
<testsuite hostname="LAPTOP-0J1HRNM3" failures="0" tests="2" name="testDock.Setup_DockerGrid" time="30.058" errors="0" timestamp="2023-08-18T20:05:22 CDT" skipped="0">
  <testcase classname="testDock.Setup_DockerGrid" name="startDockerGrid" time="15.032"/>
  <testcase classname="testDock.Setup_DockerGrid" name="stopDockerGrid" time="15.026"/>
</testsuite> <!-- testDock.Setup_DockerGrid -->
